 * Serving Flask app "app" (lazy loading)
 * Environment: production
   WARNING: This is a development server. Do not use it in a production deployment.
   Use a production WSGI server instead.
 * Debug mode: on
 * Running on http://0.0.0.0:80/ (Press CTRL+C to quit)
 * Restarting with stat
 * Debugger is active!
 * Debugger PIN: 142-300-033
49.182.7.115 - - [25/Dec/2019 10:20:14] "GET / HTTP/1.1" 200 -
49.182.7.115 - - [25/Dec/2019 10:20:17] "POST / HTTP/1.1" 302 -
49.182.7.115 - - [25/Dec/2019 10:20:17] "GET /results/vodka HTTP/1.1" 200 -
49.182.7.115 - - [25/Dec/2019 10:20:20] "POST /results/vodka HTTP/1.1" 302 -
49.182.7.115 - - [25/Dec/2019 10:20:20] "GET /results/ale HTTP/1.1" 200 -
49.182.7.115 - - [25/Dec/2019 10:20:20] "GET /static/images/drinkimages/916902-1.png+impolicy=Prod_MD.webp.png HTTP/1.1" 200 -
49.182.7.115 - - [25/Dec/2019 10:20:20] "GET /static/images/drinkimages/914084-1.png+impolicy=Prod_MD.webp.png HTTP/1.1" 200 -
49.182.7.115 - - [25/Dec/2019 10:20:29] "POST /results/ale HTTP/1.1" 302 -
49.182.7.115 - - [25/Dec/2019 10:20:29] "GET /results/vodka HTTP/1.1" 200 -
 * Detected change in '/home/ubuntu/CompareTheBrewDev/intellisearch.py', reloading
connected to database
SEARCH TERMS ENTERED BY USER: vodka
connected to database
SEARCH TERMS: ['vodka']
-------------------<OLD>-------------------
['vodka']
-------------------(NEW)-------------------
[]
NUMBER OF RESULTS FOUND: 0
SEARCH TERMS ENTERED BY USER: ale
connected to database
SEARCH TERMS: ['ale']
-------------------<OLD>-------------------
['ale']
-------------------(NEW)-------------------
['pilsner', 'pale', 'dark', 'ale', 'golden ale', 'xpa', 'ipa']
FOR pilsner
NUMBER OF ROWS FOUND: 17
FOR pale
NUMBER OF ROWS FOUND: 187
FOR dark
NUMBER OF ROWS FOUND: 14
FOR ale
NUMBER OF ROWS FOUND: 318
FOR golden ale
NUMBER OF ROWS FOUND: 13
FOR xpa
NUMBER OF ROWS FOUND: 18
FOR ipa
NUMBER OF ROWS FOUND: 51
NUMBER OF RESULTS FOUND: 365
SEARCH TERMS ENTERED BY USER: vodka
connected to database
SEARCH TERMS: ['vodka']
-------------------<OLD>-------------------
['vodka']
-------------------(NEW)-------------------
[]
NUMBER OF RESULTS FOUND: 0
 * Restarting with stat
 * Debugger is active!
 * Debugger PIN: 142-300-033
